
<!DOCTYPE html>
<html>


<head>
	<meta charset='utf-8' /> 
	<meta name='description' content='' />
	<meta name='robots' content='noodp, noydir' />
	<meta name='viewport' content='width=device-width, initial-scale=1' />
	<meta id="timeStampFormat" name="timeStampFormat" content='MMM d, yyyy hh:mm:ss a'/>
	
	<link href='https://fonts.googleapis.com/css?family=Source+Sans+Pro:400,600' rel='stylesheet' type='text/css'>
	<link href="https://fonts.googleapis.com/icon?family=Material+Icons" rel="stylesheet">

		<link href='https://cdn.rawgit.com/anshooarora/extentreports-java/b4a58fcfd1e137bd9287244035a7c80d3d73b3af/dist/css/extent.css' type='text/css' rel='stylesheet' />
	
	<title>ExtentReports</title>

	<style type='text/css'>
	</style>
</head>

	<body class='extent standard default hide-overflow bdd-report'>
		<div id='theme-selector' alt='Click to toggle theme. To enable by default, use theme configuration.' title='Click to toggle theme. To enable by default, use theme configuration.'>
			<span><i class='material-icons'>desktop_windows</i></span>
		</div>

<nav>
	<div class="nav-wrapper">
		<a href="#!" class="brand-logo blue darken-3">Extent</a>

		<!-- slideout menu -->
		<ul id='slide-out' class='side-nav fixed hide-on-med-and-down'>
			<li class='waves-effect active'><a href='#!' view='test-view' onclick="configureView(0);chartsView('test');"><i class='material-icons'>dashboard</i></a></li>
						<li class='waves-effect'><a href='#!' view='category-view' onclick="configureView(1)"><i class='material-icons'>label_outline</i></a></li>
			<li class='waves-effect'><a href='#!' view='exception-view' onclick="configureView(2)"><i class='material-icons'>bug_report</i></a></li>
			<li class='waves-effect'><a href='#!' onclick="configureView(-1);chartsView('dashboard');" view='dashboard-view'><i class='material-icons'>track_changes</i></i></a></li>
		</ul>

		<!-- report name -->
		<span class='report-name'>ExtentReports</span>
		
		<!-- report headline -->
		<span class='report-headline'></span>

		<!-- nav-right -->
		<ul id='nav-mobile' class='right hide-on-med-and-down nav-right'>
			<li>
                <a href='#!'>
                    <span class='label suite-start-time blue darken-3'>Feb 11, 2019 10:56:59 AM</span>
				</a>
			</li>
			<li>
                <a href='#!'>
                    <span class='label blue darken-3'>3.1.2</span>
				</a>
			</li>
		</ul>
	</div>
</nav>

		<!-- container -->
		<div class='container'>

<div id='test-view' class='view'>
				
	<section id='controls'>
		<div class='controls grey lighten-4'>
			<!-- test toggle -->
			<div class='chip transparent'>
				<a class='dropdown-button tests-toggle' data-activates='tests-toggle' data-constrainwidth='true' data-beloworigin='true' data-hover='true' href='#'>
					<i class='material-icons'>warning</i> Status
				</a>
				<ul id='tests-toggle' class='dropdown-content'>
											<li status='pass'><a href='#!'>Pass <i class='material-icons green-text'>check_circle</i></a></li>
						<li status='fail'><a href='#!'>Fail <i class='material-icons red-text'>cancel</i></a></li>
						<li status='skip'><a href='#!'>Skip <i class='material-icons cyan-text'>redo</i></a></li>
					<li class='divider'></li>
					<li status='clear' clear='true'><a href='#!'>Clear Filters <i class='material-icons'>clear</i></a></li>
				</ul>
			</div>
			<!-- test toggle -->

			<!-- category toggle -->
			<div class='chip transparent'>
				<a class='dropdown-button category-toggle' data-activates='category-toggle' data-constrainwidth='false' data-beloworigin='true' data-hover='true' href='#'>
					<i class='material-icons'>local_offer</i> Category
				</a>
				<ul id='category-toggle' class='dropdown-content'>
					<li><a href='#'>@RegistrationTest</a></li>
					<li><a href='#'>@MenuTest</a></li>
					<li><a href='#'>@ProductTest</a></li>
					<li><a href='#'>@CartTest</a></li>
					<li class='divider'></li>
					<li class='clear'><a href='#!' clear='true'>Clear Filters</a></li>
				</ul>
			</div>
			<!-- category toggle -->

			<!-- clear filters -->
			<div class='chip transparent hide'>
				<a class='' id='clear-filters' alt='Clear Filters' title='Clear Filters'>
					<i class='material-icons'>close</i> Clear
				</a>
			</div>
			<!-- clear filters -->

			<!-- enable dashboard -->
			<div id='toggle-test-view-charts' class='chip transparent'>
				<a class='pink-text' id='enable-dashboard' alt='Enable Dashboard' title='Enable Dashboard'>
					<i class='material-icons'>track_changes</i> Dashboard
				</a>
			</div>
			<!-- enable dashboard -->

			<!-- search -->
			<div class='chip transparent' alt='Search Tests' title='Search Tests'>
				<a href="#" class='search-div'>
					<i class='material-icons'>search</i> Search
				</a>

				<div class='input-field left hide'>
					<input id='search-tests' type='text' class='validate browser-default' placeholder='Search Tests...'>
				</div>
				
			</div>
			<!-- search -->
		</div>
	</section>


<div id='test-view-charts' class='subview-full'>
	<div id='charts-row' class='row nm-v nm-h'>
		<div class='col s12 m4 l4 np-h'>
			<div class='card-panel nm-v'>
				<div class='left panel-name'>Features</div>
				<div class='chart-box'>
					<canvas id='parent-analysis' width='100' height='80'></canvas>
				</div>
				<div class='block text-small'>
					<span class='tooltipped' data-position='top' data-tooltip='0%'><span class='strong'>0</span> feature(s) passed</span>
				</div>
				<div class='block text-small'>
					<span class='strong tooltipped' data-position='top' data-tooltip='100%'>1</span> feature(s) failed, <span class='strong tooltipped' data-position='top' data-tooltip='0%'>0</span> others
				</div>
			</div>
		</div>
		
		<div class='col s12 m4 l4 np-h'>
			<div class='card-panel nm-v'>
				<div class='left panel-name'>Scenarios</div>
				<div class='chart-box'>
					<canvas id='child-analysis' width='100' height='80'></canvas>
				</div>
				<div class='block text-small'>
					<span class='tooltipped' data-position='top' data-tooltip='0%'><span class='strong'>0</span> scenario(s) passed</span>
				</div>
				<div class='block text-small'>
					<span class='strong tooltipped' data-position='top' data-tooltip='100%'>6</span> scenario(s) failed, <span class='strong tooltipped' data-position='top' data-tooltip='0%'>0</span> others
				</div>
			</div>
		</div>
		
		<div class='col s12 m4 l4 np-h'>
			<div class='card-panel nm-v'>
				<div class='left panel-name'>Steps</div>
				<div class='chart-box'>
					<canvas id='grandchild-analysis' width='100' height='80'></canvas>
				</div>
				<div class='block text-small'>
					<span class='tooltipped' data-position='top' data-tooltip='17.808%'><span class='strong'>13</span> step(s) passed</span>
				</div>
				<div class='block text-small'>
					<span class='strong tooltipped' data-position='top' data-tooltip='8.219%'>6</span> step(s) failed, <span class='strong tooltipped' data-position='top' data-tooltip='73.973%'>54</span> others
				</div>
			</div>
		</div>
	</div>
</div>

	<div class='subview-left left'>
		
		<div class='view-summary'>
			<h5>Features</h5>
			<ul id='test-collection' class='test-collection'>
				
				
				<li class='test displayed active has-leaf fail' status='fail' bdd='true' test-id='1'>
					<div class='test-heading'>
						<span class='test-name'>Add Product into Cart</span>
						<span class='test-time'>Feb 11, 2019 10:56:59 AM</span>
						<span class='test-status right fail'>fail</span>
					</div>
					<div class='test-content hide'>
<div class='scenario node' test-id='2' status='fail'>
	<div class='category-list'>
		<span class='category label white-text'>@RegistrationTest</span>
	</div>
	<span class='duration right label'>0h 0m 8s+570ms</span>
	<div class='desc'>
		<b>Scenario</b>
		<span class="desc-text">Validate User is able to Register with valid email address</span>
	</div>
	<ul class='steps'>
		<li test-id='3' class='node given pass' status='pass'>
			
			<b>Given</b>
			
			<span class="bdd-step-name">Given User Open Browser</span>
				<div class='pre'>passed</div>
			
		</li>
		<li test-id='4' class='node then pass' status='pass'>
			
			<b>Then</b>
			
			<span class="bdd-step-name">Then User Open The URL</span>
				<div class='pre'>passed</div>
			
		</li>
		<li test-id='5' class='node then fail' status='fail'>
			
			<b>Then</b>
			
			<span class="bdd-step-name">Then User is on Home Page</span>
				<div class='pre'><pre>org.openqa.selenium.NoSuchWindowException: no such window: target window already closed
from unknown error: web view not found
  (Session info: chrome=71.0.3578.98)
  (Driver info: chromedriver=2.46.628402 (536cd7adbad73a3783fdc2cab92ab2ba7ec361e1),platform=Windows NT 10.0.17763 x86_64) (WARNING: The server did not provide any stacktrace information)
Command duration or timeout: 0 milliseconds
Build info: version: '3.5.3', revision: 'a88d25fe6b', time: '2017-08-29T12:42:44.417Z'
System info: host: 'APPIRIO-13246', ip: '10.10.10.241', os.name: 'Windows 10', os.arch: 'amd64', os.version: '10.0', java.version: '1.8.0_201'
Driver info: org.openqa.selenium.chrome.ChromeDriver
Capabilities [{mobileEmulationEnabled=false, timeouts={implicit=0, pageLoad=300000, script=30000}, hasTouchScreen=false, platform=XP, acceptSslCerts=false, goog:chromeOptions={debuggerAddress=localhost:64449}, acceptInsecureCerts=false, webStorageEnabled=true, browserName=chrome, takesScreenshot=true, javascriptEnabled=true, platformName=XP, setWindowRect=true, unexpectedAlertBehaviour=ignore, applicationCacheEnabled=false, rotatable=false, networkConnectionEnabled=false, chrome={chromedriverVersion=2.46.628402 (536cd7adbad73a3783fdc2cab92ab2ba7ec361e1), userDataDir=C:\Users\APPIRI~2\AppData\Local\Temp\scoped_dir21108_22078}, takesHeapSnapshot=true, unhandledPromptBehavior=ignore, pageLoadStrategy=normal, strictFileInteractability=false, databaseEnabled=false, handlesAlerts=true, version=71.0.3578.98, browserConnectionEnabled=false, proxy=Proxy(), nativeEvents=true, locationContextEnabled=true, cssSelectorsEnabled=true}]
Session ID: 6459f03b33a703561afb5e498b4559d0
	at sun.reflect.NativeConstructorAccessorImpl.newInstance0(Native Method)
	at sun.reflect.NativeConstructorAccessorImpl.newInstance(Unknown Source)
	at sun.reflect.DelegatingConstructorAccessorImpl.newInstance(Unknown Source)
	at java.lang.reflect.Constructor.newInstance(Unknown Source)
	at org.openqa.selenium.remote.ErrorHandler.createThrowable(ErrorHandler.java:215)
	at org.openqa.selenium.remote.ErrorHandler.throwIfResponseFailed(ErrorHandler.java:167)
	at org.openqa.selenium.remote.http.JsonHttpResponseCodec.reconstructValue(JsonHttpResponseCodec.java:40)
	at org.openqa.selenium.remote.http.AbstractHttpResponseCodec.decode(AbstractHttpResponseCodec.java:82)
	at org.openqa.selenium.remote.http.AbstractHttpResponseCodec.decode(AbstractHttpResponseCodec.java:45)
	at org.openqa.selenium.remote.HttpCommandExecutor.execute(HttpCommandExecutor.java:164)
	at org.openqa.selenium.remote.service.DriverCommandExecutor.execute(DriverCommandExecutor.java:82)
	at org.openqa.selenium.remote.RemoteWebDriver.execute(RemoteWebDriver.java:646)
	at org.openqa.selenium.remote.RemoteWebDriver.execute(RemoteWebDriver.java:703)
	at org.openqa.selenium.remote.RemoteWebDriver.getTitle(RemoteWebDriver.java:374)
	at com.qa.pages.TestHomePage.validateOnHomePage(TestHomePage.java:34)
	at com.automation.stepdefination.HomePageStepsDefination.user_is_on_Home_Page(HomePageStepsDefination.java:41)
	at ?.Then User is on Home Page(src/test/java/com/bdd/feature/Automate.feature:8)
</pre></div>
			
		</li>
		<li test-id='6' class='node when skip' status='skip'>
			
			<b>When</b>
			
			<span class="bdd-step-name">When Sign In Button is Available</span>
				<div class='pre'>skipped</div>
			
		</li>
		<li test-id='7' class='node then skip' status='skip'>
			
			<b>Then</b>
			
			<span class="bdd-step-name">Then Click on Sign Button</span>
				<div class='pre'>skipped</div>
			
		</li>
		<li test-id='8' class='node when skip' status='skip'>
			
			<b>When</b>
			
			<span class="bdd-step-name">When Create an Account Section on Authentication Page is Load</span>
				<div class='pre'>skipped</div>
			
		</li>
		<li test-id='9' class='node then skip' status='skip'>
			
			<b>Then</b>
			
			<span class="bdd-step-name">Then Enter a Valid Email Address</span>
				<div class='pre'>skipped</div>
			
		</li>
		<li test-id='10' class='node then skip' status='skip'>
			
			<b>Then</b>
			
			<span class="bdd-step-name">Then Click on Create an Account Button</span>
				<div class='pre'>skipped</div>
			
		</li>
		<li test-id='11' class='node when skip' status='skip'>
			
			<b>When</b>
			
			<span class="bdd-step-name">When Your Personal Information Page is Load</span>
				<div class='pre'>skipped</div>
			
		</li>
		<li test-id='12' class='node then skip' status='skip'>
			
			<b>Then</b>
			
			<span class="bdd-step-name">Then Enter The Required Values</span>
				<div class='pre'><table><tr><td>Mr</td><td>test</td><td>user</td><td>test1234</td><td>5</td><td>7</td><td>2014</td><td>test company</td><td>test add1</td><td>test add2</td><td>Jaipur</td><td>Indiana</td><td>00000</td><td>United States</td><td>5453452235</td><td>test123</td></tr></table></div>
				<div class='pre'>skipped</div>
			
		</li>
		<li test-id='13' class='node then skip' status='skip'>
			
			<b>Then</b>
			
			<span class="bdd-step-name">Then Click on Register Button</span>
				<div class='pre'>skipped</div>
			
		</li>
		<li test-id='14' class='node and skip' status='skip'>
			
			<b>And</b>
			
			<span class="bdd-step-name">And Name of User is displaying in Header "test user"</span>
				<div class='pre'>skipped</div>
			
		</li>
		<li test-id='15' class='node then skip' status='skip'>
			
			<b>Then</b>
			
			<span class="bdd-step-name">Then Close Browser</span>
				<div class='pre'>skipped</div>
			
		</li>
	</ul>
</div>
<div class='scenario node' test-id='16' status='fail'>
	<div class='category-list'>
		<span class='category label white-text'>@RegistrationTest</span>
	</div>
	<span class='duration right label'>0h 0m 11s+265ms</span>
	<div class='desc'>
		<b>Scenario</b>
		<span class="desc-text">Validate User should get an error message if registering with an incorrect email address</span>
	</div>
	<ul class='steps'>
		<li test-id='17' class='node given pass' status='pass'>
			
			<b>Given</b>
			
			<span class="bdd-step-name">Given User Open Browser</span>
				<div class='pre'>passed</div>
			
		</li>
		<li test-id='18' class='node then pass' status='pass'>
			
			<b>Then</b>
			
			<span class="bdd-step-name">Then User Open The URL</span>
				<div class='pre'>passed</div>
			
		</li>
		<li test-id='19' class='node then fail' status='fail'>
			
			<b>Then</b>
			
			<span class="bdd-step-name">Then User is on Home Page</span>
				<div class='pre'><pre>org.openqa.selenium.NoSuchWindowException: no such window: target window already closed
from unknown error: web view not found
  (Session info: chrome=71.0.3578.98)
  (Driver info: chromedriver=2.46.628402 (536cd7adbad73a3783fdc2cab92ab2ba7ec361e1),platform=Windows NT 10.0.17763 x86_64) (WARNING: The server did not provide any stacktrace information)
Command duration or timeout: 0 milliseconds
Build info: version: '3.5.3', revision: 'a88d25fe6b', time: '2017-08-29T12:42:44.417Z'
System info: host: 'APPIRIO-13246', ip: '10.10.10.241', os.name: 'Windows 10', os.arch: 'amd64', os.version: '10.0', java.version: '1.8.0_201'
Driver info: org.openqa.selenium.chrome.ChromeDriver
Capabilities [{mobileEmulationEnabled=false, timeouts={implicit=0, pageLoad=300000, script=30000}, hasTouchScreen=false, platform=XP, acceptSslCerts=false, goog:chromeOptions={debuggerAddress=localhost:64487}, acceptInsecureCerts=false, webStorageEnabled=true, browserName=chrome, takesScreenshot=true, javascriptEnabled=true, platformName=XP, setWindowRect=true, unexpectedAlertBehaviour=ignore, applicationCacheEnabled=false, rotatable=false, networkConnectionEnabled=false, chrome={chromedriverVersion=2.46.628402 (536cd7adbad73a3783fdc2cab92ab2ba7ec361e1), userDataDir=C:\Users\APPIRI~2\AppData\Local\Temp\scoped_dir25372_31063}, takesHeapSnapshot=true, unhandledPromptBehavior=ignore, pageLoadStrategy=normal, strictFileInteractability=false, databaseEnabled=false, handlesAlerts=true, version=71.0.3578.98, browserConnectionEnabled=false, proxy=Proxy(), nativeEvents=true, locationContextEnabled=true, cssSelectorsEnabled=true}]
Session ID: e5e414db32973c88b14013224d843fcb
	at sun.reflect.NativeConstructorAccessorImpl.newInstance0(Native Method)
	at sun.reflect.NativeConstructorAccessorImpl.newInstance(Unknown Source)
	at sun.reflect.DelegatingConstructorAccessorImpl.newInstance(Unknown Source)
	at java.lang.reflect.Constructor.newInstance(Unknown Source)
	at org.openqa.selenium.remote.ErrorHandler.createThrowable(ErrorHandler.java:215)
	at org.openqa.selenium.remote.ErrorHandler.throwIfResponseFailed(ErrorHandler.java:167)
	at org.openqa.selenium.remote.http.JsonHttpResponseCodec.reconstructValue(JsonHttpResponseCodec.java:40)
	at org.openqa.selenium.remote.http.AbstractHttpResponseCodec.decode(AbstractHttpResponseCodec.java:82)
	at org.openqa.selenium.remote.http.AbstractHttpResponseCodec.decode(AbstractHttpResponseCodec.java:45)
	at org.openqa.selenium.remote.HttpCommandExecutor.execute(HttpCommandExecutor.java:164)
	at org.openqa.selenium.remote.service.DriverCommandExecutor.execute(DriverCommandExecutor.java:82)
	at org.openqa.selenium.remote.RemoteWebDriver.execute(RemoteWebDriver.java:646)
	at org.openqa.selenium.remote.RemoteWebDriver.execute(RemoteWebDriver.java:703)
	at org.openqa.selenium.remote.RemoteWebDriver.getTitle(RemoteWebDriver.java:374)
	at com.qa.pages.TestHomePage.validateOnHomePage(TestHomePage.java:34)
	at com.automation.stepdefination.HomePageStepsDefination.user_is_on_Home_Page(HomePageStepsDefination.java:41)
	at ?.Then User is on Home Page(src/test/java/com/bdd/feature/Automate.feature:28)
</pre></div>
			
		</li>
		<li test-id='20' class='node when skip' status='skip'>
			
			<b>When</b>
			
			<span class="bdd-step-name">When Sign In Button is Available</span>
				<div class='pre'>skipped</div>
			
		</li>
		<li test-id='21' class='node then skip' status='skip'>
			
			<b>Then</b>
			
			<span class="bdd-step-name">Then Click on Sign Button</span>
				<div class='pre'>skipped</div>
			
		</li>
		<li test-id='22' class='node when skip' status='skip'>
			
			<b>When</b>
			
			<span class="bdd-step-name">When Create an Account Section on Authentication Page is Load</span>
				<div class='pre'>skipped</div>
			
		</li>
		<li test-id='23' class='node then skip' status='skip'>
			
			<b>Then</b>
			
			<span class="bdd-step-name">Then Enter an InValid Email Address "test.com"</span>
				<div class='pre'>skipped</div>
			
		</li>
		<li test-id='24' class='node then skip' status='skip'>
			
			<b>Then</b>
			
			<span class="bdd-step-name">Then Click on Create an Account Button</span>
				<div class='pre'>skipped</div>
			
		</li>
		<li test-id='25' class='node and skip' status='skip'>
			
			<b>And</b>
			
			<span class="bdd-step-name">And User should get an error message</span>
				<div class='pre'>skipped</div>
			
		</li>
		<li test-id='26' class='node then skip' status='skip'>
			
			<b>Then</b>
			
			<span class="bdd-step-name">Then Close Browser</span>
				<div class='pre'>skipped</div>
			
		</li>
	</ul>
</div>
<div class='scenario node' test-id='27' status='fail'>
	<div class='category-list'>
		<span class='category label white-text'>@MenuTest</span>
	</div>
	<span class='duration right label'>0h 0m 18s+279ms</span>
	<div class='desc'>
		<b>Scenario</b>
		<span class="desc-text">Validate The MegaMenu Works</span>
	</div>
	<ul class='steps'>
		<li test-id='28' class='node given fail' status='fail'>
			
			<b>Given</b>
			
			<span class="bdd-step-name">Given User Open Browser</span>
				<div class='pre'><pre>org.openqa.selenium.WebDriverException: chrome not reachable
  (Session info: chrome=71.0.3578.98)
  (Driver info: chromedriver=2.46.628402 (536cd7adbad73a3783fdc2cab92ab2ba7ec361e1),platform=Windows NT 10.0.17763 x86_64) (WARNING: The server did not provide any stacktrace information)
Command duration or timeout: 0 milliseconds
Build info: version: '3.5.3', revision: 'a88d25fe6b', time: '2017-08-29T12:42:44.417Z'
System info: host: 'APPIRIO-13246', ip: '10.10.10.241', os.name: 'Windows 10', os.arch: 'amd64', os.version: '10.0', java.version: '1.8.0_201'
Driver info: org.openqa.selenium.chrome.ChromeDriver
Capabilities [{mobileEmulationEnabled=false, timeouts={implicit=0, pageLoad=300000, script=30000}, hasTouchScreen=false, platform=XP, acceptSslCerts=false, goog:chromeOptions={debuggerAddress=localhost:64530}, acceptInsecureCerts=false, webStorageEnabled=true, browserName=chrome, takesScreenshot=true, javascriptEnabled=true, platformName=XP, setWindowRect=true, unexpectedAlertBehaviour=ignore, applicationCacheEnabled=false, rotatable=false, networkConnectionEnabled=false, chrome={chromedriverVersion=2.46.628402 (536cd7adbad73a3783fdc2cab92ab2ba7ec361e1), userDataDir=C:\Users\APPIRI~2\AppData\Local\Temp\scoped_dir27948_29336}, takesHeapSnapshot=true, unhandledPromptBehavior=ignore, pageLoadStrategy=normal, strictFileInteractability=false, databaseEnabled=false, handlesAlerts=true, version=71.0.3578.98, browserConnectionEnabled=false, proxy=Proxy(), nativeEvents=true, locationContextEnabled=true, cssSelectorsEnabled=true}]
Session ID: 0ed64f015c63880a75a32b9f3341867a
	at sun.reflect.NativeConstructorAccessorImpl.newInstance0(Native Method)
	at sun.reflect.NativeConstructorAccessorImpl.newInstance(Unknown Source)
	at sun.reflect.DelegatingConstructorAccessorImpl.newInstance(Unknown Source)
	at java.lang.reflect.Constructor.newInstance(Unknown Source)
	at org.openqa.selenium.remote.ErrorHandler.createThrowable(ErrorHandler.java:215)
	at org.openqa.selenium.remote.ErrorHandler.throwIfResponseFailed(ErrorHandler.java:167)
	at org.openqa.selenium.remote.http.JsonHttpResponseCodec.reconstructValue(JsonHttpResponseCodec.java:40)
	at org.openqa.selenium.remote.http.AbstractHttpResponseCodec.decode(AbstractHttpResponseCodec.java:82)
	at org.openqa.selenium.remote.http.AbstractHttpResponseCodec.decode(AbstractHttpResponseCodec.java:45)
	at org.openqa.selenium.remote.HttpCommandExecutor.execute(HttpCommandExecutor.java:164)
	at org.openqa.selenium.remote.service.DriverCommandExecutor.execute(DriverCommandExecutor.java:82)
	at org.openqa.selenium.remote.RemoteWebDriver.execute(RemoteWebDriver.java:646)
	at org.openqa.selenium.remote.RemoteWebDriver.execute(RemoteWebDriver.java:703)
	at org.openqa.selenium.remote.RemoteWebDriver$RemoteWebDriverOptions.deleteAllCookies(RemoteWebDriver.java:785)
	at com.util.Base.TestBase.initialisation(TestBase.java:40)
	at com.automation.stepdefination.HomePageStepsDefination.user_Open_Browser(HomePageStepsDefination.java:31)
	at ?.Given User Open Browser(src/test/java/com/bdd/feature/Automate.feature:40)
</pre></div>
			
		</li>
		<li test-id='29' class='node then skip' status='skip'>
			
			<b>Then</b>
			
			<span class="bdd-step-name">Then User Open The URL</span>
				<div class='pre'>skipped</div>
			
		</li>
		<li test-id='30' class='node then skip' status='skip'>
			
			<b>Then</b>
			
			<span class="bdd-step-name">Then User is on Home Page</span>
				<div class='pre'>skipped</div>
			
		</li>
		<li test-id='31' class='node then skip' status='skip'>
			
			<b>Then</b>
			
			<span class="bdd-step-name">Then Hover on the MegaMenu Dresses</span>
				<div class='pre'>skipped</div>
			
		</li>
		<li test-id='32' class='node when skip' status='skip'>
			
			<b>When</b>
			
			<span class="bdd-step-name">When Summer Dresses SubMenu is Displaying</span>
				<div class='pre'>skipped</div>
			
		</li>
		<li test-id='33' class='node then skip' status='skip'>
			
			<b>Then</b>
			
			<span class="bdd-step-name">Then Click on Summer Dresses Menu</span>
				<div class='pre'>skipped</div>
			
		</li>
		<li test-id='34' class='node and skip' status='skip'>
			
			<b>And</b>
			
			<span class="bdd-step-name">And Summer Dresses Page is Load</span>
				<div class='pre'>skipped</div>
			
		</li>
		<li test-id='35' class='node then skip' status='skip'>
			
			<b>Then</b>
			
			<span class="bdd-step-name">Then Close Browser</span>
				<div class='pre'>skipped</div>
			
		</li>
	</ul>
</div>
<div class='scenario node' test-id='36' status='fail'>
	<div class='category-list'>
		<span class='category label white-text'>@ProductTest</span>
	</div>
	<span class='duration right label'>0h 0m 42s+178ms</span>
	<div class='desc'>
		<b>Scenario</b>
		<span class="desc-text">Validate Product Sorting is working properly</span>
	</div>
	<ul class='steps'>
		<li test-id='37' class='node given pass' status='pass'>
			
			<b>Given</b>
			
			<span class="bdd-step-name">Given User Open Browser</span>
				<div class='pre'>passed</div>
			
		</li>
		<li test-id='38' class='node then pass' status='pass'>
			
			<b>Then</b>
			
			<span class="bdd-step-name">Then User Open The URL</span>
				<div class='pre'>passed</div>
			
		</li>
		<li test-id='39' class='node then pass' status='pass'>
			
			<b>Then</b>
			
			<span class="bdd-step-name">Then User is on Home Page</span>
				<div class='pre'>passed</div>
			
		</li>
		<li test-id='40' class='node then pass' status='pass'>
			
			<b>Then</b>
			
			<span class="bdd-step-name">Then Hover on the MegaMenu Dresses</span>
				<div class='pre'>passed</div>
			
		</li>
		<li test-id='41' class='node when pass' status='pass'>
			
			<b>When</b>
			
			<span class="bdd-step-name">When Summer Dresses SubMenu is Displaying</span>
				<div class='pre'>passed</div>
			
		</li>
		<li test-id='42' class='node then pass' status='pass'>
			
			<b>Then</b>
			
			<span class="bdd-step-name">Then Click on Summer Dresses Menu</span>
				<div class='pre'>passed</div>
			
		</li>
		<li test-id='43' class='node when pass' status='pass'>
			
			<b>When</b>
			
			<span class="bdd-step-name">When Summer Dresses Page is Load</span>
				<div class='pre'>passed</div>
			
		</li>
		<li test-id='44' class='node then pass' status='pass'>
			
			<b>Then</b>
			
			<span class="bdd-step-name">Then Click on View "Grid"</span>
				<div class='pre'>passed</div>
			
		</li>
		<li test-id='45' class='node and fail' status='fail'>
			
			<b>And</b>
			
			<span class="bdd-step-name">And Products Should Display in "Grid"</span>
				<div class='pre'><pre>java.lang.NullPointerException
	at sun.reflect.NativeMethodAccessorImpl.invoke0(Native Method)
	at sun.reflect.NativeMethodAccessorImpl.invoke(Unknown Source)
	at sun.reflect.DelegatingMethodAccessorImpl.invoke(Unknown Source)
	at java.lang.reflect.Method.invoke(Unknown Source)
	at org.openqa.selenium.support.pagefactory.internal.LocatingElementHandler.invoke(LocatingElementHandler.java:51)
	at com.sun.proxy.$Proxy16.isDisplayed(Unknown Source)
	at com.util.Base.TestCommands.isElementPresent(TestCommands.java:618)
	at com.qa.pages.TestProductPage.validateProductView(TestProductPage.java:63)
	at com.automation.stepdefination.HomePageStepsDefination.products_Should_Display_in_Grid(HomePageStepsDefination.java:148)
	at ?.And Products Should Display in "Grid"(src/test/java/com/bdd/feature/Automate.feature:60)
</pre></div>
			
		</li>
		<li test-id='46' class='node then skip' status='skip'>
			
			<b>Then</b>
			
			<span class="bdd-step-name">Then Select Sort Product by "Price: Lowest first"</span>
				<div class='pre'>skipped</div>
			
		</li>
		<li test-id='47' class='node and skip' status='skip'>
			
			<b>And</b>
			
			<span class="bdd-step-name">And Products Should Display Sorted by "Price: Lowest first"</span>
				<div class='pre'>skipped</div>
			
		</li>
		<li test-id='48' class='node then skip' status='skip'>
			
			<b>Then</b>
			
			<span class="bdd-step-name">Then Close Browser</span>
				<div class='pre'>skipped</div>
			
		</li>
	</ul>
</div>
<div class='scenario node' test-id='49' status='fail'>
	<div class='category-list'>
		<span class='category label white-text'>@ProductTest</span>
	</div>
	<span class='duration right label'>0h 0m 18s+328ms</span>
	<div class='desc'>
		<b>Scenario</b>
		<span class="desc-text">Validate Product View is Working Properly</span>
	</div>
	<ul class='steps'>
		<li test-id='50' class='node given fail' status='fail'>
			
			<b>Given</b>
			
			<span class="bdd-step-name">Given User Open Browser</span>
				<div class='pre'><pre>org.openqa.selenium.WebDriverException: chrome not reachable
  (Session info: chrome=71.0.3578.98)
  (Driver info: chromedriver=2.46.628402 (536cd7adbad73a3783fdc2cab92ab2ba7ec361e1),platform=Windows NT 10.0.17763 x86_64) (WARNING: The server did not provide any stacktrace information)
Command duration or timeout: 0 milliseconds
Build info: version: '3.5.3', revision: 'a88d25fe6b', time: '2017-08-29T12:42:44.417Z'
System info: host: 'APPIRIO-13246', ip: '10.10.10.241', os.name: 'Windows 10', os.arch: 'amd64', os.version: '10.0', java.version: '1.8.0_201'
Driver info: org.openqa.selenium.chrome.ChromeDriver
Capabilities [{mobileEmulationEnabled=false, timeouts={implicit=0, pageLoad=300000, script=30000}, hasTouchScreen=false, platform=XP, acceptSslCerts=false, goog:chromeOptions={debuggerAddress=localhost:64704}, acceptInsecureCerts=false, webStorageEnabled=true, browserName=chrome, takesScreenshot=true, javascriptEnabled=true, platformName=XP, setWindowRect=true, unexpectedAlertBehaviour=ignore, applicationCacheEnabled=false, rotatable=false, networkConnectionEnabled=false, chrome={chromedriverVersion=2.46.628402 (536cd7adbad73a3783fdc2cab92ab2ba7ec361e1), userDataDir=C:\Users\APPIRI~2\AppData\Local\Temp\scoped_dir23156_31600}, takesHeapSnapshot=true, unhandledPromptBehavior=ignore, pageLoadStrategy=normal, strictFileInteractability=false, databaseEnabled=false, handlesAlerts=true, version=71.0.3578.98, browserConnectionEnabled=false, proxy=Proxy(), nativeEvents=true, locationContextEnabled=true, cssSelectorsEnabled=true}]
Session ID: 1b6ba6956b3be40e3173ecb038b97a67
	at sun.reflect.NativeConstructorAccessorImpl.newInstance0(Native Method)
	at sun.reflect.NativeConstructorAccessorImpl.newInstance(Unknown Source)
	at sun.reflect.DelegatingConstructorAccessorImpl.newInstance(Unknown Source)
	at java.lang.reflect.Constructor.newInstance(Unknown Source)
	at org.openqa.selenium.remote.ErrorHandler.createThrowable(ErrorHandler.java:215)
	at org.openqa.selenium.remote.ErrorHandler.throwIfResponseFailed(ErrorHandler.java:167)
	at org.openqa.selenium.remote.http.JsonHttpResponseCodec.reconstructValue(JsonHttpResponseCodec.java:40)
	at org.openqa.selenium.remote.http.AbstractHttpResponseCodec.decode(AbstractHttpResponseCodec.java:82)
	at org.openqa.selenium.remote.http.AbstractHttpResponseCodec.decode(AbstractHttpResponseCodec.java:45)
	at org.openqa.selenium.remote.HttpCommandExecutor.execute(HttpCommandExecutor.java:164)
	at org.openqa.selenium.remote.service.DriverCommandExecutor.execute(DriverCommandExecutor.java:82)
	at org.openqa.selenium.remote.RemoteWebDriver.execute(RemoteWebDriver.java:646)
	at org.openqa.selenium.remote.RemoteWebDriver.execute(RemoteWebDriver.java:703)
	at org.openqa.selenium.remote.RemoteWebDriver$RemoteWebDriverOptions.deleteAllCookies(RemoteWebDriver.java:785)
	at com.util.Base.TestBase.initialisation(TestBase.java:40)
	at com.automation.stepdefination.HomePageStepsDefination.user_Open_Browser(HomePageStepsDefination.java:31)
	at ?.Given User Open Browser(src/test/java/com/bdd/feature/Automate.feature:68)
</pre></div>
			
		</li>
		<li test-id='51' class='node then skip' status='skip'>
			
			<b>Then</b>
			
			<span class="bdd-step-name">Then User Open The URL</span>
				<div class='pre'>skipped</div>
			
		</li>
		<li test-id='52' class='node then skip' status='skip'>
			
			<b>Then</b>
			
			<span class="bdd-step-name">Then User is on Home Page</span>
				<div class='pre'>skipped</div>
			
		</li>
		<li test-id='53' class='node then skip' status='skip'>
			
			<b>Then</b>
			
			<span class="bdd-step-name">Then Hover on the MegaMenu Dresses</span>
				<div class='pre'>skipped</div>
			
		</li>
		<li test-id='54' class='node when skip' status='skip'>
			
			<b>When</b>
			
			<span class="bdd-step-name">When Summer Dresses SubMenu is Displaying</span>
				<div class='pre'>skipped</div>
			
		</li>
		<li test-id='55' class='node then skip' status='skip'>
			
			<b>Then</b>
			
			<span class="bdd-step-name">Then Click on Summer Dresses Menu</span>
				<div class='pre'>skipped</div>
			
		</li>
		<li test-id='56' class='node when skip' status='skip'>
			
			<b>When</b>
			
			<span class="bdd-step-name">When Summer Dresses Page is Load</span>
				<div class='pre'>skipped</div>
			
		</li>
		<li test-id='57' class='node then skip' status='skip'>
			
			<b>Then</b>
			
			<span class="bdd-step-name">Then Click on View "List"</span>
				<div class='pre'>skipped</div>
			
		</li>
		<li test-id='58' class='node and skip' status='skip'>
			
			<b>And</b>
			
			<span class="bdd-step-name">And Products Should Display in "List"</span>
				<div class='pre'>skipped</div>
			
		</li>
		<li test-id='59' class='node then skip' status='skip'>
			
			<b>Then</b>
			
			<span class="bdd-step-name">Then Click on View "Grid"</span>
				<div class='pre'>skipped</div>
			
		</li>
		<li test-id='60' class='node and skip' status='skip'>
			
			<b>And</b>
			
			<span class="bdd-step-name">And Products Should Display in "Grid"</span>
				<div class='pre'>skipped</div>
			
		</li>
		<li test-id='61' class='node then skip' status='skip'>
			
			<b>Then</b>
			
			<span class="bdd-step-name">Then Close Browser</span>
				<div class='pre'>skipped</div>
			
		</li>
	</ul>
</div>
<div class='scenariooutline node' test-id='62' status='fail'>
	<span class='duration right label'>0h 0m 4s+750ms</span>
	<div class='desc'>
		<b>ScenarioOutline</b>
		<span class="desc-text">Validate Cart Summary Page is Displaying The Same Product Name,Color and Quantity</span>
	</div>
	<ul class='steps'>
		<li test-id='63' class='node scenario fail' status='fail'>
			<div class='category-list'>
				<span class='category label white-text'>@CartTest</span>
			</div>
			
			<b>Scenario</b>
			
			<span class="bdd-step-name">Validate Cart Summary Page is Displaying The Same Product Name,Color and Quantity</span>
			
				<ul class='steps'>
					<li test-id='64' class='node given pass' status='pass'><b>Given</b>
						<span class="bdd-step-name">Given User Open Browser</span>
							<div class='pre'>passed</div>
					</li>
					<li test-id='65' class='node then fail' status='fail'><b>Then</b>
						<span class="bdd-step-name">Then User Open The URL</span>
							<div class='pre'><pre>org.openqa.selenium.WebDriverException: unknown error: cannot determine loading status
from unknown error: cannot determine loading status
from disconnected: received Inspector.detached event
  (Session info: chrome=71.0.3578.98)
  (Driver info: chromedriver=2.46.628402 (536cd7adbad73a3783fdc2cab92ab2ba7ec361e1),platform=Windows NT 10.0.17763 x86_64) (WARNING: The server did not provide any stacktrace information)
Command duration or timeout: 0 milliseconds
Build info: version: '3.5.3', revision: 'a88d25fe6b', time: '2017-08-29T12:42:44.417Z'
System info: host: 'APPIRIO-13246', ip: '10.10.10.241', os.name: 'Windows 10', os.arch: 'amd64', os.version: '10.0', java.version: '1.8.0_201'
Driver info: org.openqa.selenium.chrome.ChromeDriver
Capabilities [{mobileEmulationEnabled=false, timeouts={implicit=0, pageLoad=300000, script=30000}, hasTouchScreen=false, platform=XP, acceptSslCerts=false, goog:chromeOptions={debuggerAddress=localhost:64772}, acceptInsecureCerts=false, webStorageEnabled=true, browserName=chrome, takesScreenshot=true, javascriptEnabled=true, platformName=XP, setWindowRect=true, unexpectedAlertBehaviour=ignore, applicationCacheEnabled=false, rotatable=false, networkConnectionEnabled=false, chrome={chromedriverVersion=2.46.628402 (536cd7adbad73a3783fdc2cab92ab2ba7ec361e1), userDataDir=C:\Users\APPIRI~2\AppData\Local\Temp\scoped_dir2884_2789}, takesHeapSnapshot=true, unhandledPromptBehavior=ignore, pageLoadStrategy=normal, strictFileInteractability=false, databaseEnabled=false, handlesAlerts=true, version=71.0.3578.98, browserConnectionEnabled=false, proxy=Proxy(), nativeEvents=true, locationContextEnabled=true, cssSelectorsEnabled=true}]
Session ID: b87b13e3909b7fe1484a17026e5e8bf3
	at sun.reflect.NativeConstructorAccessorImpl.newInstance0(Native Method)
	at sun.reflect.NativeConstructorAccessorImpl.newInstance(Unknown Source)
	at sun.reflect.DelegatingConstructorAccessorImpl.newInstance(Unknown Source)
	at java.lang.reflect.Constructor.newInstance(Unknown Source)
	at org.openqa.selenium.remote.ErrorHandler.createThrowable(ErrorHandler.java:215)
	at org.openqa.selenium.remote.ErrorHandler.throwIfResponseFailed(ErrorHandler.java:167)
	at org.openqa.selenium.remote.http.JsonHttpResponseCodec.reconstructValue(JsonHttpResponseCodec.java:40)
	at org.openqa.selenium.remote.http.AbstractHttpResponseCodec.decode(AbstractHttpResponseCodec.java:82)
	at org.openqa.selenium.remote.http.AbstractHttpResponseCodec.decode(AbstractHttpResponseCodec.java:45)
	at org.openqa.selenium.remote.HttpCommandExecutor.execute(HttpCommandExecutor.java:164)
	at org.openqa.selenium.remote.service.DriverCommandExecutor.execute(DriverCommandExecutor.java:82)
	at org.openqa.selenium.remote.RemoteWebDriver.execute(RemoteWebDriver.java:646)
	at org.openqa.selenium.remote.RemoteWebDriver.get(RemoteWebDriver.java:370)
	at com.util.Base.TestCommands.openUrl(TestCommands.java:140)
	at com.automation.stepdefination.HomePageStepsDefination.user_Open_URL(HomePageStepsDefination.java:36)
	at ?.Then User Open The URL(src/test/java/com/bdd/feature/Automate.feature:86)
</pre></div>
					</li>
					<li test-id='66' class='node then skip' status='skip'><b>Then</b>
						<span class="bdd-step-name">Then User is on Home Page</span>
							<div class='pre'>skipped</div>
					</li>
					<li test-id='67' class='node then skip' status='skip'><b>Then</b>
						<span class="bdd-step-name">Then Hover on the MegaMenu Dresses</span>
							<div class='pre'>skipped</div>
					</li>
					<li test-id='68' class='node when skip' status='skip'><b>When</b>
						<span class="bdd-step-name">When Summer Dresses SubMenu is Displaying</span>
							<div class='pre'>skipped</div>
					</li>
					<li test-id='69' class='node then skip' status='skip'><b>Then</b>
						<span class="bdd-step-name">Then Click on Summer Dresses Menu</span>
							<div class='pre'>skipped</div>
					</li>
					<li test-id='70' class='node when skip' status='skip'><b>When</b>
						<span class="bdd-step-name">When Summer Dresses Page is Load</span>
							<div class='pre'>skipped</div>
					</li>
					<li test-id='71' class='node then skip' status='skip'><b>Then</b>
						<span class="bdd-step-name">Then Click on View "List"</span>
							<div class='pre'>skipped</div>
					</li>
					<li test-id='72' class='node and skip' status='skip'><b>And</b>
						<span class="bdd-step-name">And Products Should Display in "List"</span>
							<div class='pre'>skipped</div>
					</li>
					<li test-id='73' class='node then skip' status='skip'><b>Then</b>
						<span class="bdd-step-name">Then Click on The Product which has Blue Color Option</span>
							<div class='pre'>skipped</div>
					</li>
					<li test-id='74' class='node when skip' status='skip'><b>When</b>
						<span class="bdd-step-name">When Product View Page is Load</span>
							<div class='pre'>skipped</div>
					</li>
					<li test-id='75' class='node then skip' status='skip'><b>Then</b>
						<span class="bdd-step-name">Then Enter Quantity "2" and Size "M" and Color "Blue"</span>
							<div class='pre'>skipped</div>
					</li>
					<li test-id='76' class='node then skip' status='skip'><b>Then</b>
						<span class="bdd-step-name">Then Click on Add to Card button</span>
							<div class='pre'>skipped</div>
					</li>
					<li test-id='77' class='node when skip' status='skip'><b>When</b>
						<span class="bdd-step-name">When Product Successfully Added Pop up Appear</span>
							<div class='pre'>skipped</div>
					</li>
					<li test-id='78' class='node then skip' status='skip'><b>Then</b>
						<span class="bdd-step-name">Then Click on Proceed to Checkout button</span>
							<div class='pre'>skipped</div>
					</li>
					<li test-id='79' class='node when skip' status='skip'><b>When</b>
						<span class="bdd-step-name">When Shopping Cart Summary Paged Load</span>
							<div class='pre'>skipped</div>
					</li>
					<li test-id='80' class='node then skip' status='skip'><b>Then</b>
						<span class="bdd-step-name">Then Product Color as "Blue" Quantity as "2" Size as "M" should be Selected</span>
							<div class='pre'>skipped</div>
					</li>
					<li test-id='81' class='node then skip' status='skip'><b>Then</b>
						<span class="bdd-step-name">Then Close Browser</span>
							<div class='pre'>skipped</div>
					</li>
				</ul>
		</li>
	</ul>
</div>
					</div>
				</li>
			</ul>
		</div>
	</div>
	<!-- subview left -->

	<div class='subview-right left'>
		<div class='view-summary'>
			<h5 class='test-name'></h5>

			<div id='step-filters' class="right">
				<span class="blue-text" status="info" alt="info" title="info"><i class="material-icons">info_outline</i></span>
				<span class="green-text" status="pass" alt="pass" title="pass"><i class="material-icons">check_circle</i></span>
				<span class="red-text" status="fail" alt="fail" title="fail"><i class="material-icons">cancel</i></span>
				<span class="red-text text-darken-4" status="fatal" alt="fatal" title="fatal"><i class="material-icons">cancel</i></span>
				<span class="pink-text text-lighten-1" status="error" alt="error" title="error"><i class="material-icons">error</i></span>
				<span class="orange-text" alt="warning" status="warning" title="warning"><i class="material-icons">warning</i></span>
				<span class="teal-text" status="skip" alt="skip" title="skip"><i class="material-icons">redo</i></span>
				<span status="clear" alt="Clear filters" title="Clear filters"><i class="material-icons">clear</i></span>
			</div>
		</div>
	</div>
	<!-- subview right -->

</div>
<!-- test view -->
<div id='category-view' class='view hide'>

	<section id='controls'>
		<div class='controls grey lighten-4'>
			<!-- search -->
			<div class='chip transparent' alt='Search Tests' title='Search Tests'>
				<a href="#" class='search-div'>
					<i class='material-icons'>search</i> Search
				</a>
				
				<div class='input-field left hide'>
					<input id='search-tests' type='text' class='validate browser-default' placeholder='Search Tests...'>
				</div>
				
			</div>
			<!-- search -->
		</div>
	</section>

	<div class='subview-left left'>
		
		<div class='view-summary'>
			<h5>Categories</h3>
			<ul id='category-collection' class='category-collection'>
				
				<li class='category displayed active'>
					<div class='category-heading'>
						<span class='category-name'>@RegistrationTest</span>
						<span class='category-status right'>
							<span class='label fail'>2</span>
						</span>
					</div>
					<div class='category-content hide'>
						<div class='category-status-counts'>
							
							<span class='label red lighten-1 white-text'>Failed: 2</span>
							
						</div>
					
						<div class='category-tests'>
							<table class='bordered table-results'>
								<thead>
									<tr>
										<th>Timestamp</th>
										<th>TestName</th>
										<th>Status</th>
									</tr>
								</thead>
								<tbody>
									<tr>
										<td>Feb 11, 2019 10:56:59 AM</td>
										<td class='linked' test-id='2'>Add Product into Cart.Validate User is able to Register with valid email address</td>
										<td><span class='test-status fail'>fail</span></td>
									</tr>
									<tr>
										<td>Feb 11, 2019 10:57:07 AM</td>
										<td class='linked' test-id='16'>Add Product into Cart.Validate User should get an error message if registering with an incorrect email address</td>
										<td><span class='test-status fail'>fail</span></td>
									</tr>
								</tbody>
							</table>
						</div>
					</div>
				</li>
				<li class='category displayed active'>
					<div class='category-heading'>
						<span class='category-name'>@MenuTest</span>
						<span class='category-status right'>
							<span class='label fail'>1</span>
						</span>
					</div>
					<div class='category-content hide'>
						<div class='category-status-counts'>
							
							<span class='label red lighten-1 white-text'>Failed: 1</span>
							
						</div>
					
						<div class='category-tests'>
							<table class='bordered table-results'>
								<thead>
									<tr>
										<th>Timestamp</th>
										<th>TestName</th>
										<th>Status</th>
									</tr>
								</thead>
								<tbody>
									<tr>
										<td>Feb 11, 2019 10:57:19 AM</td>
										<td class='linked' test-id='27'>Add Product into Cart.Validate The MegaMenu Works</td>
										<td><span class='test-status fail'>fail</span></td>
									</tr>
								</tbody>
							</table>
						</div>
					</div>
				</li>
				<li class='category displayed active'>
					<div class='category-heading'>
						<span class='category-name'>@ProductTest</span>
						<span class='category-status right'>
							<span class='label fail'>2</span>
						</span>
					</div>
					<div class='category-content hide'>
						<div class='category-status-counts'>
							
							<span class='label red lighten-1 white-text'>Failed: 2</span>
							
						</div>
					
						<div class='category-tests'>
							<table class='bordered table-results'>
								<thead>
									<tr>
										<th>Timestamp</th>
										<th>TestName</th>
										<th>Status</th>
									</tr>
								</thead>
								<tbody>
									<tr>
										<td>Feb 11, 2019 10:57:37 AM</td>
										<td class='linked' test-id='36'>Add Product into Cart.Validate Product Sorting is working properly</td>
										<td><span class='test-status fail'>fail</span></td>
									</tr>
									<tr>
										<td>Feb 11, 2019 10:58:19 AM</td>
										<td class='linked' test-id='49'>Add Product into Cart.Validate Product View is Working Properly</td>
										<td><span class='test-status fail'>fail</span></td>
									</tr>
								</tbody>
							</table>
						</div>
					</div>
				</li>
				<li class='category displayed active'>
					<div class='category-heading'>
						<span class='category-name'>@CartTest</span>
						<span class='category-status right'>
							<span class='label fail'>1</span>
						</span>
					</div>
					<div class='category-content hide'>
						<div class='category-status-counts'>
							
							<span class='label red lighten-1 white-text'>Failed: 1</span>
							
						</div>
					
						<div class='category-tests'>
							<table class='bordered table-results'>
								<thead>
									<tr>
										<th>Timestamp</th>
										<th>TestName</th>
										<th>Status</th>
									</tr>
								</thead>
								<tbody>
									<tr>
										<td>Feb 11, 2019 10:58:38 AM</td>
										<td class='linked' test-id='63'>Add Product into Cart.Validate Cart Summary Page is Displaying The Same Product Name,Color and Quantity.Validate Cart Summary Page is Displaying The Same Product Name,Color and Quantity</td>
										<td><span class='test-status fail'>fail</span></td>
									</tr>
								</tbody>
							</table>
						</div>
					</div>
				</li>

			</ul>
		</div>
	</div>

	<div class='subview-right left'>
		<div class='view-summary'>
			<h5 class='category-name'></h5>
		</div>
	</div>
</div>
<!-- category view -->
<div id='exception-view' class='view hide'>

    <section id='controls'>
        <div class='controls grey lighten-4'>
            <!-- search -->
            <div class='chip transparent' alt='Search Tests' title='Search Tests'>
                <a href="#" class='search-div'>
                    <i class='material-icons'>search</i> Search
                </a>

                <div class='input-field left hide'>
                    <input id='search-tests' type='text' class='validate browser-default' placeholder='Search Tests...'>
                </div>

            </div>
            <!-- search -->
        </div>
    </section>

    <div class='subview-left left'>

        <div class='view-summary'>
            <h5>Exceptions</h3>
                <ul id='exception-collection' class='exception-collection'>

                        <li class='exception displayed active'>
                            <div class='exception-heading'>
                                <span class='exception-name'>org.openqa.selenium.NoSuchWindowException</span>
                                <span class='exception-count right'><span class='label red lighten-1 white-text'>2</span></span>
                            </div>
                            <div class='exception-content hide'>
                                <div class='exception-tests'>
                                    <table class='bordered table-results'>
                                        <thead>
                                        <tr>
                                            <th>Timestamp</th>
                                            <th>TestName</th>
                                            <th>Status</th>
                                        </tr>
                                        </thead>
                                        <tbody>
                                                    <tr>
                                                        <td>Feb 11, 2019 10:57:07 AM</td>
                                                        <td class='linked' test-id='5'>Add Product into Cart.Validate User is able to Register with valid email address.Then User is on Home Page</td>
                                                        <td><pre><pre>org.openqa.selenium.NoSuchWindowException: no such window: target window already closed
from unknown error: web view not found
  (Session info: chrome=71.0.3578.98)
  (Driver info: chromedriver=2.46.628402 (536cd7adbad73a3783fdc2cab92ab2ba7ec361e1),platform=Windows NT 10.0.17763 x86_64) (WARNING: The server did not provide any stacktrace information)
Command duration or timeout: 0 milliseconds
Build info: version: '3.5.3', revision: 'a88d25fe6b', time: '2017-08-29T12:42:44.417Z'
System info: host: 'APPIRIO-13246', ip: '10.10.10.241', os.name: 'Windows 10', os.arch: 'amd64', os.version: '10.0', java.version: '1.8.0_201'
Driver info: org.openqa.selenium.chrome.ChromeDriver
Capabilities [{mobileEmulationEnabled=false, timeouts={implicit=0, pageLoad=300000, script=30000}, hasTouchScreen=false, platform=XP, acceptSslCerts=false, goog:chromeOptions={debuggerAddress=localhost:64449}, acceptInsecureCerts=false, webStorageEnabled=true, browserName=chrome, takesScreenshot=true, javascriptEnabled=true, platformName=XP, setWindowRect=true, unexpectedAlertBehaviour=ignore, applicationCacheEnabled=false, rotatable=false, networkConnectionEnabled=false, chrome={chromedriverVersion=2.46.628402 (536cd7adbad73a3783fdc2cab92ab2ba7ec361e1), userDataDir=C:\Users\APPIRI~2\AppData\Local\Temp\scoped_dir21108_22078}, takesHeapSnapshot=true, unhandledPromptBehavior=ignore, pageLoadStrategy=normal, strictFileInteractability=false, databaseEnabled=false, handlesAlerts=true, version=71.0.3578.98, browserConnectionEnabled=false, proxy=Proxy(), nativeEvents=true, locationContextEnabled=true, cssSelectorsEnabled=true}]
Session ID: 6459f03b33a703561afb5e498b4559d0
	at sun.reflect.NativeConstructorAccessorImpl.newInstance0(Native Method)
	at sun.reflect.NativeConstructorAccessorImpl.newInstance(Unknown Source)
	at sun.reflect.DelegatingConstructorAccessorImpl.newInstance(Unknown Source)
	at java.lang.reflect.Constructor.newInstance(Unknown Source)
	at org.openqa.selenium.remote.ErrorHandler.createThrowable(ErrorHandler.java:215)
	at org.openqa.selenium.remote.ErrorHandler.throwIfResponseFailed(ErrorHandler.java:167)
	at org.openqa.selenium.remote.http.JsonHttpResponseCodec.reconstructValue(JsonHttpResponseCodec.java:40)
	at org.openqa.selenium.remote.http.AbstractHttpResponseCodec.decode(AbstractHttpResponseCodec.java:82)
	at org.openqa.selenium.remote.http.AbstractHttpResponseCodec.decode(AbstractHttpResponseCodec.java:45)
	at org.openqa.selenium.remote.HttpCommandExecutor.execute(HttpCommandExecutor.java:164)
	at org.openqa.selenium.remote.service.DriverCommandExecutor.execute(DriverCommandExecutor.java:82)
	at org.openqa.selenium.remote.RemoteWebDriver.execute(RemoteWebDriver.java:646)
	at org.openqa.selenium.remote.RemoteWebDriver.execute(RemoteWebDriver.java:703)
	at org.openqa.selenium.remote.RemoteWebDriver.getTitle(RemoteWebDriver.java:374)
	at com.qa.pages.TestHomePage.validateOnHomePage(TestHomePage.java:34)
	at com.automation.stepdefination.HomePageStepsDefination.user_is_on_Home_Page(HomePageStepsDefination.java:41)
	at ?.Then User is on Home Page(src/test/java/com/bdd/feature/Automate.feature:8)
</pre></pre></td>
                                                    </tr>
                                                    <tr>
                                                        <td>Feb 11, 2019 10:57:19 AM</td>
                                                        <td class='linked' test-id='19'>Add Product into Cart.Validate User should get an error message if registering with an incorrect email address.Then User is on Home Page</td>
                                                        <td><pre><pre>org.openqa.selenium.NoSuchWindowException: no such window: target window already closed
from unknown error: web view not found
  (Session info: chrome=71.0.3578.98)
  (Driver info: chromedriver=2.46.628402 (536cd7adbad73a3783fdc2cab92ab2ba7ec361e1),platform=Windows NT 10.0.17763 x86_64) (WARNING: The server did not provide any stacktrace information)
Command duration or timeout: 0 milliseconds
Build info: version: '3.5.3', revision: 'a88d25fe6b', time: '2017-08-29T12:42:44.417Z'
System info: host: 'APPIRIO-13246', ip: '10.10.10.241', os.name: 'Windows 10', os.arch: 'amd64', os.version: '10.0', java.version: '1.8.0_201'
Driver info: org.openqa.selenium.chrome.ChromeDriver
Capabilities [{mobileEmulationEnabled=false, timeouts={implicit=0, pageLoad=300000, script=30000}, hasTouchScreen=false, platform=XP, acceptSslCerts=false, goog:chromeOptions={debuggerAddress=localhost:64487}, acceptInsecureCerts=false, webStorageEnabled=true, browserName=chrome, takesScreenshot=true, javascriptEnabled=true, platformName=XP, setWindowRect=true, unexpectedAlertBehaviour=ignore, applicationCacheEnabled=false, rotatable=false, networkConnectionEnabled=false, chrome={chromedriverVersion=2.46.628402 (536cd7adbad73a3783fdc2cab92ab2ba7ec361e1), userDataDir=C:\Users\APPIRI~2\AppData\Local\Temp\scoped_dir25372_31063}, takesHeapSnapshot=true, unhandledPromptBehavior=ignore, pageLoadStrategy=normal, strictFileInteractability=false, databaseEnabled=false, handlesAlerts=true, version=71.0.3578.98, browserConnectionEnabled=false, proxy=Proxy(), nativeEvents=true, locationContextEnabled=true, cssSelectorsEnabled=true}]
Session ID: e5e414db32973c88b14013224d843fcb
	at sun.reflect.NativeConstructorAccessorImpl.newInstance0(Native Method)
	at sun.reflect.NativeConstructorAccessorImpl.newInstance(Unknown Source)
	at sun.reflect.DelegatingConstructorAccessorImpl.newInstance(Unknown Source)
	at java.lang.reflect.Constructor.newInstance(Unknown Source)
	at org.openqa.selenium.remote.ErrorHandler.createThrowable(ErrorHandler.java:215)
	at org.openqa.selenium.remote.ErrorHandler.throwIfResponseFailed(ErrorHandler.java:167)
	at org.openqa.selenium.remote.http.JsonHttpResponseCodec.reconstructValue(JsonHttpResponseCodec.java:40)
	at org.openqa.selenium.remote.http.AbstractHttpResponseCodec.decode(AbstractHttpResponseCodec.java:82)
	at org.openqa.selenium.remote.http.AbstractHttpResponseCodec.decode(AbstractHttpResponseCodec.java:45)
	at org.openqa.selenium.remote.HttpCommandExecutor.execute(HttpCommandExecutor.java:164)
	at org.openqa.selenium.remote.service.DriverCommandExecutor.execute(DriverCommandExecutor.java:82)
	at org.openqa.selenium.remote.RemoteWebDriver.execute(RemoteWebDriver.java:646)
	at org.openqa.selenium.remote.RemoteWebDriver.execute(RemoteWebDriver.java:703)
	at org.openqa.selenium.remote.RemoteWebDriver.getTitle(RemoteWebDriver.java:374)
	at com.qa.pages.TestHomePage.validateOnHomePage(TestHomePage.java:34)
	at com.automation.stepdefination.HomePageStepsDefination.user_is_on_Home_Page(HomePageStepsDefination.java:41)
	at ?.Then User is on Home Page(src/test/java/com/bdd/feature/Automate.feature:28)
</pre></pre></td>
                                                    </tr>
                                        </tbody>
                                    </table>
                                </div>
                            </div>
                        </li>
                        <li class='exception displayed active'>
                            <div class='exception-heading'>
                                <span class='exception-name'>org.openqa.selenium.WebDriverException</span>
                                <span class='exception-count right'><span class='label red lighten-1 white-text'>3</span></span>
                            </div>
                            <div class='exception-content hide'>
                                <div class='exception-tests'>
                                    <table class='bordered table-results'>
                                        <thead>
                                        <tr>
                                            <th>Timestamp</th>
                                            <th>TestName</th>
                                            <th>Status</th>
                                        </tr>
                                        </thead>
                                        <tbody>
                                                    <tr>
                                                        <td>Feb 11, 2019 10:57:19 AM</td>
                                                        <td class='linked' test-id='28'>Add Product into Cart.Validate The MegaMenu Works.Given User Open Browser</td>
                                                        <td><pre><pre>org.openqa.selenium.WebDriverException: chrome not reachable
  (Session info: chrome=71.0.3578.98)
  (Driver info: chromedriver=2.46.628402 (536cd7adbad73a3783fdc2cab92ab2ba7ec361e1),platform=Windows NT 10.0.17763 x86_64) (WARNING: The server did not provide any stacktrace information)
Command duration or timeout: 0 milliseconds
Build info: version: '3.5.3', revision: 'a88d25fe6b', time: '2017-08-29T12:42:44.417Z'
System info: host: 'APPIRIO-13246', ip: '10.10.10.241', os.name: 'Windows 10', os.arch: 'amd64', os.version: '10.0', java.version: '1.8.0_201'
Driver info: org.openqa.selenium.chrome.ChromeDriver
Capabilities [{mobileEmulationEnabled=false, timeouts={implicit=0, pageLoad=300000, script=30000}, hasTouchScreen=false, platform=XP, acceptSslCerts=false, goog:chromeOptions={debuggerAddress=localhost:64530}, acceptInsecureCerts=false, webStorageEnabled=true, browserName=chrome, takesScreenshot=true, javascriptEnabled=true, platformName=XP, setWindowRect=true, unexpectedAlertBehaviour=ignore, applicationCacheEnabled=false, rotatable=false, networkConnectionEnabled=false, chrome={chromedriverVersion=2.46.628402 (536cd7adbad73a3783fdc2cab92ab2ba7ec361e1), userDataDir=C:\Users\APPIRI~2\AppData\Local\Temp\scoped_dir27948_29336}, takesHeapSnapshot=true, unhandledPromptBehavior=ignore, pageLoadStrategy=normal, strictFileInteractability=false, databaseEnabled=false, handlesAlerts=true, version=71.0.3578.98, browserConnectionEnabled=false, proxy=Proxy(), nativeEvents=true, locationContextEnabled=true, cssSelectorsEnabled=true}]
Session ID: 0ed64f015c63880a75a32b9f3341867a
	at sun.reflect.NativeConstructorAccessorImpl.newInstance0(Native Method)
	at sun.reflect.NativeConstructorAccessorImpl.newInstance(Unknown Source)
	at sun.reflect.DelegatingConstructorAccessorImpl.newInstance(Unknown Source)
	at java.lang.reflect.Constructor.newInstance(Unknown Source)
	at org.openqa.selenium.remote.ErrorHandler.createThrowable(ErrorHandler.java:215)
	at org.openqa.selenium.remote.ErrorHandler.throwIfResponseFailed(ErrorHandler.java:167)
	at org.openqa.selenium.remote.http.JsonHttpResponseCodec.reconstructValue(JsonHttpResponseCodec.java:40)
	at org.openqa.selenium.remote.http.AbstractHttpResponseCodec.decode(AbstractHttpResponseCodec.java:82)
	at org.openqa.selenium.remote.http.AbstractHttpResponseCodec.decode(AbstractHttpResponseCodec.java:45)
	at org.openqa.selenium.remote.HttpCommandExecutor.execute(HttpCommandExecutor.java:164)
	at org.openqa.selenium.remote.service.DriverCommandExecutor.execute(DriverCommandExecutor.java:82)
	at org.openqa.selenium.remote.RemoteWebDriver.execute(RemoteWebDriver.java:646)
	at org.openqa.selenium.remote.RemoteWebDriver.execute(RemoteWebDriver.java:703)
	at org.openqa.selenium.remote.RemoteWebDriver$RemoteWebDriverOptions.deleteAllCookies(RemoteWebDriver.java:785)
	at com.util.Base.TestBase.initialisation(TestBase.java:40)
	at com.automation.stepdefination.HomePageStepsDefination.user_Open_Browser(HomePageStepsDefination.java:31)
	at ?.Given User Open Browser(src/test/java/com/bdd/feature/Automate.feature:40)
</pre></pre></td>
                                                    </tr>
                                                    <tr>
                                                        <td>Feb 11, 2019 10:58:19 AM</td>
                                                        <td class='linked' test-id='50'>Add Product into Cart.Validate Product View is Working Properly.Given User Open Browser</td>
                                                        <td><pre><pre>org.openqa.selenium.WebDriverException: chrome not reachable
  (Session info: chrome=71.0.3578.98)
  (Driver info: chromedriver=2.46.628402 (536cd7adbad73a3783fdc2cab92ab2ba7ec361e1),platform=Windows NT 10.0.17763 x86_64) (WARNING: The server did not provide any stacktrace information)
Command duration or timeout: 0 milliseconds
Build info: version: '3.5.3', revision: 'a88d25fe6b', time: '2017-08-29T12:42:44.417Z'
System info: host: 'APPIRIO-13246', ip: '10.10.10.241', os.name: 'Windows 10', os.arch: 'amd64', os.version: '10.0', java.version: '1.8.0_201'
Driver info: org.openqa.selenium.chrome.ChromeDriver
Capabilities [{mobileEmulationEnabled=false, timeouts={implicit=0, pageLoad=300000, script=30000}, hasTouchScreen=false, platform=XP, acceptSslCerts=false, goog:chromeOptions={debuggerAddress=localhost:64704}, acceptInsecureCerts=false, webStorageEnabled=true, browserName=chrome, takesScreenshot=true, javascriptEnabled=true, platformName=XP, setWindowRect=true, unexpectedAlertBehaviour=ignore, applicationCacheEnabled=false, rotatable=false, networkConnectionEnabled=false, chrome={chromedriverVersion=2.46.628402 (536cd7adbad73a3783fdc2cab92ab2ba7ec361e1), userDataDir=C:\Users\APPIRI~2\AppData\Local\Temp\scoped_dir23156_31600}, takesHeapSnapshot=true, unhandledPromptBehavior=ignore, pageLoadStrategy=normal, strictFileInteractability=false, databaseEnabled=false, handlesAlerts=true, version=71.0.3578.98, browserConnectionEnabled=false, proxy=Proxy(), nativeEvents=true, locationContextEnabled=true, cssSelectorsEnabled=true}]
Session ID: 1b6ba6956b3be40e3173ecb038b97a67
	at sun.reflect.NativeConstructorAccessorImpl.newInstance0(Native Method)
	at sun.reflect.NativeConstructorAccessorImpl.newInstance(Unknown Source)
	at sun.reflect.DelegatingConstructorAccessorImpl.newInstance(Unknown Source)
	at java.lang.reflect.Constructor.newInstance(Unknown Source)
	at org.openqa.selenium.remote.ErrorHandler.createThrowable(ErrorHandler.java:215)
	at org.openqa.selenium.remote.ErrorHandler.throwIfResponseFailed(ErrorHandler.java:167)
	at org.openqa.selenium.remote.http.JsonHttpResponseCodec.reconstructValue(JsonHttpResponseCodec.java:40)
	at org.openqa.selenium.remote.http.AbstractHttpResponseCodec.decode(AbstractHttpResponseCodec.java:82)
	at org.openqa.selenium.remote.http.AbstractHttpResponseCodec.decode(AbstractHttpResponseCodec.java:45)
	at org.openqa.selenium.remote.HttpCommandExecutor.execute(HttpCommandExecutor.java:164)
	at org.openqa.selenium.remote.service.DriverCommandExecutor.execute(DriverCommandExecutor.java:82)
	at org.openqa.selenium.remote.RemoteWebDriver.execute(RemoteWebDriver.java:646)
	at org.openqa.selenium.remote.RemoteWebDriver.execute(RemoteWebDriver.java:703)
	at org.openqa.selenium.remote.RemoteWebDriver$RemoteWebDriverOptions.deleteAllCookies(RemoteWebDriver.java:785)
	at com.util.Base.TestBase.initialisation(TestBase.java:40)
	at com.automation.stepdefination.HomePageStepsDefination.user_Open_Browser(HomePageStepsDefination.java:31)
	at ?.Given User Open Browser(src/test/java/com/bdd/feature/Automate.feature:68)
</pre></pre></td>
                                                    </tr>
                                                    <tr>
                                                        <td>Feb 11, 2019 10:58:41 AM</td>
                                                        <td class='linked' test-id='65'>Add Product into Cart.Validate Cart Summary Page is Displaying The Same Product Name,Color and Quantity.Validate Cart Summary Page is Displaying The Same Product Name,Color and Quantity.Then User Open The URL</td>
                                                        <td><pre><pre>org.openqa.selenium.WebDriverException: unknown error: cannot determine loading status
from unknown error: cannot determine loading status
from disconnected: received Inspector.detached event
  (Session info: chrome=71.0.3578.98)
  (Driver info: chromedriver=2.46.628402 (536cd7adbad73a3783fdc2cab92ab2ba7ec361e1),platform=Windows NT 10.0.17763 x86_64) (WARNING: The server did not provide any stacktrace information)
Command duration or timeout: 0 milliseconds
Build info: version: '3.5.3', revision: 'a88d25fe6b', time: '2017-08-29T12:42:44.417Z'
System info: host: 'APPIRIO-13246', ip: '10.10.10.241', os.name: 'Windows 10', os.arch: 'amd64', os.version: '10.0', java.version: '1.8.0_201'
Driver info: org.openqa.selenium.chrome.ChromeDriver
Capabilities [{mobileEmulationEnabled=false, timeouts={implicit=0, pageLoad=300000, script=30000}, hasTouchScreen=false, platform=XP, acceptSslCerts=false, goog:chromeOptions={debuggerAddress=localhost:64772}, acceptInsecureCerts=false, webStorageEnabled=true, browserName=chrome, takesScreenshot=true, javascriptEnabled=true, platformName=XP, setWindowRect=true, unexpectedAlertBehaviour=ignore, applicationCacheEnabled=false, rotatable=false, networkConnectionEnabled=false, chrome={chromedriverVersion=2.46.628402 (536cd7adbad73a3783fdc2cab92ab2ba7ec361e1), userDataDir=C:\Users\APPIRI~2\AppData\Local\Temp\scoped_dir2884_2789}, takesHeapSnapshot=true, unhandledPromptBehavior=ignore, pageLoadStrategy=normal, strictFileInteractability=false, databaseEnabled=false, handlesAlerts=true, version=71.0.3578.98, browserConnectionEnabled=false, proxy=Proxy(), nativeEvents=true, locationContextEnabled=true, cssSelectorsEnabled=true}]
Session ID: b87b13e3909b7fe1484a17026e5e8bf3
	at sun.reflect.NativeConstructorAccessorImpl.newInstance0(Native Method)
	at sun.reflect.NativeConstructorAccessorImpl.newInstance(Unknown Source)
	at sun.reflect.DelegatingConstructorAccessorImpl.newInstance(Unknown Source)
	at java.lang.reflect.Constructor.newInstance(Unknown Source)
	at org.openqa.selenium.remote.ErrorHandler.createThrowable(ErrorHandler.java:215)
	at org.openqa.selenium.remote.ErrorHandler.throwIfResponseFailed(ErrorHandler.java:167)
	at org.openqa.selenium.remote.http.JsonHttpResponseCodec.reconstructValue(JsonHttpResponseCodec.java:40)
	at org.openqa.selenium.remote.http.AbstractHttpResponseCodec.decode(AbstractHttpResponseCodec.java:82)
	at org.openqa.selenium.remote.http.AbstractHttpResponseCodec.decode(AbstractHttpResponseCodec.java:45)
	at org.openqa.selenium.remote.HttpCommandExecutor.execute(HttpCommandExecutor.java:164)
	at org.openqa.selenium.remote.service.DriverCommandExecutor.execute(DriverCommandExecutor.java:82)
	at org.openqa.selenium.remote.RemoteWebDriver.execute(RemoteWebDriver.java:646)
	at org.openqa.selenium.remote.RemoteWebDriver.get(RemoteWebDriver.java:370)
	at com.util.Base.TestCommands.openUrl(TestCommands.java:140)
	at com.automation.stepdefination.HomePageStepsDefination.user_Open_URL(HomePageStepsDefination.java:36)
	at ?.Then User Open The URL(src/test/java/com/bdd/feature/Automate.feature:86)
</pre></pre></td>
                                                    </tr>
                                        </tbody>
                                    </table>
                                </div>
                            </div>
                        </li>
                        <li class='exception displayed active'>
                            <div class='exception-heading'>
                                <span class='exception-name'>java.lang.NullPointerException</span>
                                <span class='exception-count right'><span class='label red lighten-1 white-text'>1</span></span>
                            </div>
                            <div class='exception-content hide'>
                                <div class='exception-tests'>
                                    <table class='bordered table-results'>
                                        <thead>
                                        <tr>
                                            <th>Timestamp</th>
                                            <th>TestName</th>
                                            <th>Status</th>
                                        </tr>
                                        </thead>
                                        <tbody>
                                                    <tr>
                                                        <td>Feb 11, 2019 10:58:10 AM</td>
                                                        <td class='linked' test-id='45'>Add Product into Cart.Validate Product Sorting is working properly.And Products Should Display in "Grid"</td>
                                                        <td><pre><pre>java.lang.NullPointerException
	at sun.reflect.NativeMethodAccessorImpl.invoke0(Native Method)
	at sun.reflect.NativeMethodAccessorImpl.invoke(Unknown Source)
	at sun.reflect.DelegatingMethodAccessorImpl.invoke(Unknown Source)
	at java.lang.reflect.Method.invoke(Unknown Source)
	at org.openqa.selenium.support.pagefactory.internal.LocatingElementHandler.invoke(LocatingElementHandler.java:51)
	at com.sun.proxy.$Proxy16.isDisplayed(Unknown Source)
	at com.util.Base.TestCommands.isElementPresent(TestCommands.java:618)
	at com.qa.pages.TestProductPage.validateProductView(TestProductPage.java:63)
	at com.automation.stepdefination.HomePageStepsDefination.products_Should_Display_in_Grid(HomePageStepsDefination.java:148)
	at ?.And Products Should Display in "Grid"(src/test/java/com/bdd/feature/Automate.feature:60)
</pre></pre></td>
                                                    </tr>
                                        </tbody>
                                    </table>
                                </div>
                            </div>
                        </li>
                </ul>
        </div>
    </div>

    <div class='subview-right left'>
        <div class='view-summary'>
            <h5 class='exception-name'></h5>
        </div>
    </div>
</div>
<!-- exception view -->
<div id='dashboard-view' class='view hide'>
	<div class='card-panel transparent np-v'>
		<h5>Dashboard</h5>

		<div class='row'>
			<div class='col s2'>
				<div class='card-panel r'>
					Features
					<div class='panel-lead'>1</div>
				</div>
			</div>
			<div class='col s2'>
				<div class='card-panel r'>
					Scenarios
					<div class='panel-lead'>6</div>
				</div>
			</div>
			<div class='col s2'>
				<div class='card-panel r'>
					Steps
					<div class='panel-lead'>73</div>
				</div>
			</div>
			<div class='col s2'>
				<div class='card-panel r'>
					Start
					<div class='panel-lead'>Feb 11, 2019 10:56:59 AM</div>
				</div>
			</div>
			<div class='col s2'>
				<div class='card-panel r'>
			 		End
			 		<div class='panel-lead'>Feb 11, 2019 10:58:43 AM</div>
				</div>
			</div>
			<div class='col s2'>
				<div class='card-panel r'>
					Time Taken
					<div class='panel-lead'>104,276ms</div>
				</div>
			</div>
			<div class='col s6'>
				<div class='card-panel dashboard-categories'>
					<span class='right label cyan white-text'>Categories</span><p>&nbsp;</p>
					
					<table>
						<tr>
							<th>Name</th>
							<th>Passed</th>
							<th>Failed</th>
							<th>Others</th>
							<th>Passed %</th>
						</tr>
						<tr>
							<td>@RegistrationTest</td>
							<td>0</td>
							<td>2</td>
							<td>0</td>
							<td>
									0%
							</td>
						</tr>
						<tr>
							<td>@MenuTest</td>
							<td>0</td>
							<td>1</td>
							<td>0</td>
							<td>
									0%
							</td>
						</tr>
						<tr>
							<td>@ProductTest</td>
							<td>0</td>
							<td>2</td>
							<td>0</td>
							<td>
									0%
							</td>
						</tr>
						<tr>
							<td>@CartTest</td>
							<td>0</td>
							<td>1</td>
							<td>0</td>
							<td>
									0%
							</td>
						</tr>
					</table>
				</div>
			</div>
		</div>
	</div>
</div>
<!-- dashboard view -->
<!-- testrunner-logs view -->
		</div>
		<!-- container -->

		<script>
			var statusGroup = {
				passParent: 0,
				failParent: 1,
				fatalParent: 0,
				errorParent: 0,
				warningParent: 0,
				skipParent: 0,
				exceptionsParent: 1,
				
				passChild: 0,
				failChild: 6,
				fatalChild: 0,
				errorChild: 0,
				warningChild: 0,
				skipChild: 0,
				infoChild: 0,
				exceptionsChild: 6,
				
				passGrandChild: 13,
				failGrandChild: 6,
				fatalGrandChild: 0,
				errorGrandChild: 0,
				warningGrandChild: 0,
				skipGrandChild: 54,
				infoGrandChild: 0,
				exceptionsGrandChild: 60,
			};
		</script>
		
			<script src='https://cdn.rawgit.com/anshooarora/extentreports-java/fca20fb7653aade98810546ab96a2a4360e3e712/dist/js/extent.js' type='text/javascript'></script>
		
		
 		<script type='text/javascript'>
 		</script>
	</body>
	
</html>
